[0mCompiling "target/cljsbuild/public/js/app.js" from ["src/cljs" "src/cljc" "env/dev/cljs"]...[0m
[36m----  Compiler Warning on   src/cljs/nenewss/core.cljs   line:63  column:35  ----[0m

  [1mUse of undeclared Var nenewss.core/server[0m

  [36m59[0m  [36m[:div.container[0m
  [36m60[0m  [36m [:h2 "News Page!!"][0m
  [36m61[0m  [36m [:form {:action "#" :method "get"[0m
  [36m62[0m  [36m         :on-submit (fn [e][0m
  [33m63[0m  [1m                      (GET (str server "news")[0m
  [0m  [0m  [33m                                ^--- Use of undeclared Var nenewss.core/server[0m
  [36m64[0m  [36m                           {:format :json[0m
  [36m65[0m  [36m                            :response-format :json[0m
  [36m66[0m  [36m                            :keywords? true[0m
  [36m67[0m  [36m                            :handler news[0m
  [36m68[0m  [36m                            :error-handler error-handler}))}[0m

[36m----  Compiler Warning : Please see src/cljs/nenewss/core.cljs  ----[0m
[32mSuccessfully compiled "target/cljsbuild/public/js/app.js" in 0.712 seconds.[0m
notifying browser that file changed:  target/cljsbuild/public/js/out/goog/deps.js
notifying browser that file changed:  target/cljsbuild/public/js/out/cljs_deps.js
notifying browser that file changed:  target/cljsbuild/public/js/out/nenewss/core.js
[0mCompiling "target/cljsbuild/public/js/app.js" from ["src/cljs" "src/cljc" "env/dev/cljs"]...[0m
[36m----  Compiler Warning on   src/cljs/nenewss/core.cljs   line:63  column:35  ----[0m

  [1mUse of undeclared Var nenewss.core/server[0m

  [36m59[0m  [36m[:div.container[0m
  [36m60[0m  [36m [:h2 "News Page!!"][0m
  [36m61[0m  [36m [:form {:action "#" :method "get"[0m
  [36m62[0m  [36m         :on-submit (fn [e][0m
  [33m63[0m  [1m                      (GET (str server "news")[0m
  [0m  [0m  [33m                                ^--- Use of undeclared Var nenewss.core/server[0m
  [36m64[0m  [36m                           {:format :json[0m
  [36m65[0m  [36m                            :response-format :json[0m
  [36m66[0m  [36m                            :keywords? true[0m
  [36m67[0m  [36m                            :handler news[0m
  [36m68[0m  [36m                            :error-handler error-handler}))}[0m

[36m----  Compiler Warning : Please see src/cljs/nenewss/core.cljs  ----[0m
[32mSuccessfully compiled "target/cljsbuild/public/js/app.js" in 0.834 seconds.[0m
notifying browser that file changed:  target/cljsbuild/public/js/out/nenewss/core.js
[0mCompiling "target/cljsbuild/public/js/app.js" from ["src/cljs" "src/cljc" "env/dev/cljs"]...[0m
[36m----  Compiler Warning on   src/cljs/nenewss/core.cljs   line:63  column:35  ----[0m

  [1mUse of undeclared Var nenewss.core/server[0m

  [36m59[0m  [36m[:div.container[0m
  [36m60[0m  [36m [:h2 "News Page!!"][0m
  [36m61[0m  [36m [:form {:action "#" :method "get"[0m
  [36m62[0m  [36m         :on-submit (fn [e][0m
  [33m63[0m  [1m                      (GET (str server "news")[0m
  [0m  [0m  [33m                                ^--- Use of undeclared Var nenewss.core/server[0m
  [36m64[0m  [36m                           {:format :json[0m
  [36m65[0m  [36m                            :response-format :json[0m
  [36m66[0m  [36m                            :keywords? true[0m
  [36m67[0m  [36m                            :handler news[0m
  [36m68[0m  [36m                            :error-handler error-handler}))}[0m

[36m----  Compiler Warning : Please see src/cljs/nenewss/core.cljs  ----[0m
[32mSuccessfully compiled "target/cljsbuild/public/js/app.js" in 0.679 seconds.[0m
notifying browser that file changed:  target/cljsbuild/public/js/out/nenewss/core.js
[0mCompiling "target/cljsbuild/public/js/app.js" from ["src/cljs" "src/cljc" "env/dev/cljs"]...[0m
[36m----  Compiler Warning on   src/cljs/nenewss/core.cljs   line:63  column:35  ----[0m

  [1mUse of undeclared Var nenewss.core/server[0m

  [36m59[0m  [36m[:div.container[0m
  [36m60[0m  [36m [:h2 "News Page!!"][0m
  [36m61[0m  [36m [:form {:action "#" :method "get"[0m
  [36m62[0m  [36m         :on-submit (fn [e][0m
  [33m63[0m  [1m                      (GET (str server "news")[0m
  [0m  [0m  [33m                                ^--- Use of undeclared Var nenewss.core/server[0m
  [36m64[0m  [36m                           {:format :json[0m
  [36m65[0m  [36m                            :response-format :json[0m
  [36m66[0m  [36m                            :keywords? true[0m
  [36m67[0m  [36m                            :handler news[0m
  [36m68[0m  [36m                            :error-handler error-handler}))}[0m

[36m----  Compiler Warning : Please see src/cljs/nenewss/core.cljs  ----[0m
[32mSuccessfully compiled "target/cljsbuild/public/js/app.js" in 0.671 seconds.[0m
notifying browser that file changed:  target/cljsbuild/public/js/out/nenewss/core.js
[0mCompiling "target/cljsbuild/public/js/app.js" from ["src/cljs" "src/cljc" "env/dev/cljs"]...[0m
[32mSuccessfully compiled "target/cljsbuild/public/js/app.js" in 0.628 seconds.[0m
notifying browser that file changed:  target/cljsbuild/public/js/out/nenewss/core.js
[0mCompiling "target/cljsbuild/public/js/app.js" from ["src/cljs" "src/cljc" "env/dev/cljs"]...[0m
[32mSuccessfully compiled "target/cljsbuild/public/js/app.js" in 0.548 seconds.[0m
notifying browser that file changed:  target/cljsbuild/public/js/out/nenewss/core.js
[0mCompiling "target/cljsbuild/public/js/app.js" from ["src/cljs" "src/cljc" "env/dev/cljs"]...[0m
[32mSuccessfully compiled "target/cljsbuild/public/js/app.js" in 0.506 seconds.[0m
notifying browser that file changed:  target/cljsbuild/public/js/out/nenewss/core.js
[0mCompiling "target/cljsbuild/public/js/app.js" from ["src/cljs" "src/cljc" "env/dev/cljs"]...[0m
[32mSuccessfully compiled "target/cljsbuild/public/js/app.js" in 0.523 seconds.[0m
notifying browser that file changed:  target/cljsbuild/public/js/out/nenewss/core.js
[0mCompiling "target/cljsbuild/public/js/app.js" from ["src/cljs" "src/cljc" "env/dev/cljs"]...[0m
[32mSuccessfully compiled "target/cljsbuild/public/js/app.js" in 0.511 seconds.[0m
notifying browser that file changed:  target/cljsbuild/public/js/out/nenewss/core.js
[0mCompiling "target/cljsbuild/public/js/app.js" from ["src/cljs" "src/cljc" "env/dev/cljs"]...[0m
[32mSuccessfully compiled "target/cljsbuild/public/js/app.js" in 0.544 seconds.[0m
notifying browser that file changed:  target/cljsbuild/public/js/out/nenewss/core.js
[0mCompiling "target/cljsbuild/public/js/app.js" from ["src/cljs" "src/cljc" "env/dev/cljs"]...[0m
[32mSuccessfully compiled "target/cljsbuild/public/js/app.js" in 0.521 seconds.[0m
notifying browser that file changed:  target/cljsbuild/public/js/out/nenewss/core.js
[0mCompiling "target/cljsbuild/public/js/app.js" from ["src/cljs" "src/cljc" "env/dev/cljs"]...[0m
[32mSuccessfully compiled "target/cljsbuild/public/js/app.js" in 0.489 seconds.[0m
notifying browser that file changed:  target/cljsbuild/public/js/out/nenewss/core.js
[0mCompiling "target/cljsbuild/public/js/app.js" from ["src/cljs" "src/cljc" "env/dev/cljs"]...[0m
[32mSuccessfully compiled "target/cljsbuild/public/js/app.js" in 0.547 seconds.[0m
notifying browser that file changed:  target/cljsbuild/public/js/out/nenewss/core.js
[0mCompiling "target/cljsbuild/public/js/app.js" from ["src/cljs" "src/cljc" "env/dev/cljs"]...[0m
[31mFailed to compile "target/cljsbuild/public/js/app.js" in 0.299 seconds.[0m
[36m----  Could not Read  src/cljs/nenewss/core.cljs   line:71 ----[0m

  [1m/home/dhiren/nenewss/src/cljs/nenewss/core.cljs [line 71, col 60] The map literal starting with :response-format on line 67 column 30 contains 7 form(s). Map literals must contain an even number of forms.[0m

  [36m69[0m  [36m                              :keywords? true[0m
  [36m70[0m  [36m                              :handler news[0m
  [33m71[0m  [1m                              :error-handler error-handler}))}[0m
  [0m  [0m  [33m                              /home/dhiren/nenewss/src/cljs/nenewss/core.cljs [line 71, col 60] The map literal starting with :response-format on line 67 column 30 contains 7 form(s). Map literals must contain an even number of forms.[0m
  [36m72[0m  [36m[0m
  [36m73[0m  [36m[0m
  [36m74[0m  [36m    [:input {:type "submit" :value "Submit"}]]])[0m

[36m----  Reader Error : Please see src/cljs/nenewss/core.cljs  ----[0m
[0mCompiling "target/cljsbuild/public/js/app.js" from ["src/cljs" "src/cljc" "env/dev/cljs"]...[0m
[31mFailed to compile "target/cljsbuild/public/js/app.js" in 0.315 seconds.[0m
[36m----  Could not Read  src/cljs/nenewss/core.cljs   line:71 ----[0m

  [1m/home/dhiren/nenewss/src/cljs/nenewss/core.cljs [line 71, col 60] The map literal starting with :response-format on line 67 column 30 contains 7 form(s). Map literals must contain an even number of forms.[0m

  [36m69[0m  [36m                              :keywords? true[0m
  [36m70[0m  [36m                              :handler news[0m
  [33m71[0m  [1m                              :error-handler error-handler}))}[0m
  [0m  [0m  [33m                              /home/dhiren/nenewss/src/cljs/nenewss/core.cljs [line 71, col 60] The map literal starting with :response-format on line 67 column 30 contains 7 form(s). Map literals must contain an even number of forms.[0m
  [36m72[0m  [36m[0m
  [36m73[0m  [36m[0m
  [36m74[0m  [36m    [:input {:type "submit" :value "Submit"}]]])[0m

[36m----  Reader Error : Please see src/cljs/nenewss/core.cljs  ----[0m
[0mCompiling "target/cljsbuild/public/js/app.js" from ["src/cljs" "src/cljc" "env/dev/cljs"]...[0m
[32mSuccessfully compiled "target/cljsbuild/public/js/app.js" in 0.503 seconds.[0m
notifying browser that file changed:  target/cljsbuild/public/js/out/nenewss/core.js
[0mCompiling "target/cljsbuild/public/js/app.js" from ["src/cljs" "src/cljc" "env/dev/cljs"]...[0m
[32mSuccessfully compiled "target/cljsbuild/public/js/app.js" in 0.467 seconds.[0m
notifying browser that file changed:  target/cljsbuild/public/js/out/nenewss/core.js
[0mCompiling "target/cljsbuild/public/js/app.js" from ["src/cljs" "src/cljc" "env/dev/cljs"]...[0m
[32mSuccessfully compiled "target/cljsbuild/public/js/app.js" in 0.494 seconds.[0m
notifying browser that file changed:  target/cljsbuild/public/js/out/nenewss/core.js
[0mCompiling "target/cljsbuild/public/js/app.js" from ["src/cljs" "src/cljc" "env/dev/cljs"]...[0m
[32mSuccessfully compiled "target/cljsbuild/public/js/app.js" in 0.492 seconds.[0m
notifying browser that file changed:  target/cljsbuild/public/js/out/nenewss/core.js
[0mCompiling "target/cljsbuild/public/js/app.js" from ["src/cljs" "src/cljc" "env/dev/cljs"]...[0m
[36m----  Compiler Warning on   src/cljs/nenewss/core.cljs   line:55  column:9  ----[0m

  [1mUse of undeclared Var nenewss.core/third[0m

  [36m51[0m  [36m      [:div {:dangerouslySetInnerHTML[0m
  [36m52[0m  [36m             {:__html (md->html docs)}}]])])[0m
  [36m53[0m  [36m[0m
  [36m54[0m  [36m(defn news [resp][0m
  [33m55[0m  [1m  (log (third resp)))[0m
  [0m  [0m  [33m        ^--- Use of undeclared Var nenewss.core/third[0m
  [36m56[0m  [36m[0m
  [36m57[0m  [36m(defn error-handler [resp1][0m
  [36m58[0m  [36m  (log resp1))[0m
  [36m59[0m  [36m[0m
  [36m60[0m  [36m(defn news-page[0m

[36m----  Compiler Warning : Please see src/cljs/nenewss/core.cljs  ----[0m
[32mSuccessfully compiled "target/cljsbuild/public/js/app.js" in 0.474 seconds.[0m
notifying browser that file changed:  target/cljsbuild/public/js/out/nenewss/core.js
[0mCompiling "target/cljsbuild/public/js/app.js" from ["src/cljs" "src/cljc" "env/dev/cljs"]...[0m
[32mSuccessfully compiled "target/cljsbuild/public/js/app.js" in 0.511 seconds.[0m
notifying browser that file changed:  target/cljsbuild/public/js/out/nenewss/core.js
[0mCompiling "target/cljsbuild/public/js/app.js" from ["src/cljs" "src/cljc" "env/dev/cljs"]...[0m
[32mSuccessfully compiled "target/cljsbuild/public/js/app.js" in 0.445 seconds.[0m
notifying browser that file changed:  target/cljsbuild/public/js/out/nenewss/core.js
[0mCompiling "target/cljsbuild/public/js/app.js" from ["src/cljs" "src/cljc" "env/dev/cljs"]...[0m
[32mSuccessfully compiled "target/cljsbuild/public/js/app.js" in 0.452 seconds.[0m
notifying browser that file changed:  target/cljsbuild/public/js/out/nenewss/core.js
